<?xml version="1.0" encoding="UTF-8"?>
<!-- Generated by org.testng.reporters.JUnitReportReporter -->
<testsuite hostname="DESKTOP-2JM9RCF" failures="0" tests="2" name="testCases.TC001_AccountRegistrationTest" time="8.612" errors="0" timestamp="2025-02-24T18:12:54 IST" skipped="0">
  <testcase classname="testCases.TC001_AccountRegistrationTest" name="verify_account_registration" time="6.625"/>
  <testcase classname="testCases.TC001_AccountRegistrationTest" name="verify_account_registration" time="1.987"/>
</testsuite> <!-- testCases.TC001_AccountRegistrationTest -->
