<?xml version="1.0" encoding="UTF-8"?>
<!-- Generated by org.testng.reporters.JUnitReportReporter -->
<testsuite hostname="DESKTOP-2JM9RCF" failures="0" tests="2" name="testCases.TC002_LoginTest" time="6.450" errors="0" timestamp="2025-02-24T18:12:54 IST" skipped="0">
  <testcase classname="testCases.TC002_LoginTest" name="verify_login" time="1.391"/>
  <testcase classname="testCases.TC002_LoginTest" name="verify_login" time="5.059"/>
</testsuite> <!-- testCases.TC002_LoginTest -->
