<?xml version="1.0" encoding="UTF-8"?>
<!-- Generated by org.testng.reporters.JUnitReportReporter -->
<testsuite hostname="DESKTOP-2JM9RCF" failures="0" tests="1" name="testCases.TC002_LoginTest" time="3.274" errors="0" timestamp="2025-02-25T18:06:12 IST" skipped="0">
  <testcase classname="testCases.TC002_LoginTest" name="verify_login" time="3.274"/>
</testsuite> <!-- testCases.TC002_LoginTest -->
