<?xml version="1.0" encoding="UTF-8"?>
<!-- Generated by org.testng.reporters.JUnitReportReporter -->
<testsuite hostname="DESKTOP-2JM9RCF" failures="0" tests="1" name="testCases.TC002_LoginTest" time="3.784" errors="0" timestamp="2025-02-27T17:52:49 IST" skipped="0">
  <testcase classname="testCases.TC002_LoginTest" name="verify_login" time="3.784"/>
</testsuite> <!-- testCases.TC002_LoginTest -->
