<?xml version="1.0" encoding="UTF-8"?>
<!-- Generated by org.testng.reporters.JUnitReportReporter -->
<testsuite hostname="DESKTOP-2JM9RCF" failures="0" tests="1" name="testCases.TC001_AccountRegistrationTest" time="5.337" errors="0" timestamp="2025-02-25T18:06:12 IST" skipped="0">
  <testcase classname="testCases.TC001_AccountRegistrationTest" name="verify_account_registration" time="5.337"/>
</testsuite> <!-- testCases.TC001_AccountRegistrationTest -->
