<?xml version="1.0" encoding="UTF-8"?>
<!-- Generated by org.testng.reporters.JUnitReportReporter -->
<testsuite hostname="DESKTOP-2JM9RCF" failures="0" tests="1" name="testCases.TC001_AccountRegistrationTest" time="4.079" errors="0" timestamp="2025-02-27T17:52:49 IST" skipped="0">
  <testcase classname="testCases.TC001_AccountRegistrationTest" name="verify_account_registration" time="4.079"/>
</testsuite> <!-- testCases.TC001_AccountRegistrationTest -->
